{
  "RSpec": {
    "coverage": {
      "/home/tim/Documents/webDev/THP-Next/semaine-3/E-Commerce/app/models/admin.rb": [
        null,
        null,
        null,
        null,
        null,
        null,
        null,
        null,
        null,
        null,
        null,
        null,
        null,
        null,
        null,
        null,
        1,
        null,
        null,
        1,
        null,
        null
      ],
      "/home/tim/Documents/webDev/THP-Next/semaine-3/E-Commerce/app/models/application_record.rb": [
        null,
        null,
        1,
        1,
        null
      ],
      "/home/tim/Documents/webDev/THP-Next/semaine-3/E-Commerce/app/models/user.rb": [
        null,
        null,
        null,
        null,
        null,
        null,
        null,
        null,
        null,
        null,
        null,
        null,
        null,
        null,
        null,
        null,
        null,
        null,
        null,
        null,
        1,
        null,
        null,
        1,
        null,
        null,
        1,
        1,
        1,
        null,
        1,
        0,
        null,
        null,
        1,
        null,
        1,
        0,
        null,
        null
      ],
      "/home/tim/Documents/webDev/THP-Next/semaine-3/E-Commerce/app/helpers/application_helper.rb": [
        null,
        null,
        1,
        null
      ],
      "/home/tim/Documents/webDev/THP-Next/semaine-3/E-Commerce/app/controllers/administration/items_controller.rb": [
        null,
        null,
        1,
        1,
        1,
        0,
        null,
        null,
        1,
        0,
        null,
        null,
        1,
        0,
        null,
        null,
        1,
        0,
        null,
        null,
        1,
        0,
        0,
        null,
        null,
        1,
        0,
        0,
        0,
        null,
        null,
        1,
        0,
        0,
        0,
        0,
        null,
        null,
        1,
        null,
        1,
        0,
        null,
        null,
        1,
        0,
        0,
        0,
        null,
        0,
        null,
        null,
        null,
        1,
        0,
        0,
        null,
        null,
        1,
        0,
        0,
        null,
        0,
        null,
        null,
        0,
        null,
        null,
        null
      ],
      "/home/tim/Documents/webDev/THP-Next/semaine-3/E-Commerce/app/controllers/administration_controller.rb": [
        null,
        null,
        1,
        1,
        1,
        null
      ],
      "/home/tim/Documents/webDev/THP-Next/semaine-3/E-Commerce/app/controllers/application_controller.rb": [
        null,
        null,
        1,
        1,
        null,
        1,
        4,
        null,
        1,
        null,
        null
      ],
      "/home/tim/Documents/webDev/THP-Next/semaine-3/E-Commerce/app/controllers/administration/orders_controller.rb": [
        null,
        null,
        1,
        1,
        null,
        null
      ],
      "/home/tim/Documents/webDev/THP-Next/semaine-3/E-Commerce/app/controllers/baskets_controller.rb": [
        null,
        null,
        1,
        1,
        1,
        null,
        null
      ],
      "/home/tim/Documents/webDev/THP-Next/semaine-3/E-Commerce/app/controllers/charges_controller.rb": [
        null,
        null,
        1,
        1,
        null,
        1,
        0,
        null,
        0,
        null,
        0,
        null,
        null,
        null,
        null,
        0,
        null,
        null,
        null,
        null,
        null,
        null,
        0,
        0,
        null,
        null
      ],
      "/home/tim/Documents/webDev/THP-Next/semaine-3/E-Commerce/app/controllers/order_items_controller.rb": [
        null,
        null,
        1,
        1,
        1,
        1,
        1,
        1,
        null,
        null,
        1,
        1,
        1,
        1,
        null,
        1,
        null,
        null,
        1,
        1,
        1,
        1,
        null,
        1,
        null,
        null,
        1,
        null,
        1,
        2,
        null,
        null
      ],
      "/home/tim/Documents/webDev/THP-Next/semaine-3/E-Commerce/app/controllers/static_pages_controller.rb": [
        null,
        null,
        1,
        1,
        null,
        1,
        null
      ],
      "/home/tim/Documents/webDev/THP-Next/semaine-3/E-Commerce/app/mailers/user_mailer.rb": [
        null,
        null,
        1,
        1,
        1,
        1,
        null,
        null
      ],
      "/home/tim/Documents/webDev/THP-Next/semaine-3/E-Commerce/app/mailers/application_mailer.rb": [
        null,
        null,
        1,
        1,
        1,
        null
      ],
      "/home/tim/Documents/webDev/THP-Next/semaine-3/E-Commerce/app/models/address.rb": [
        null,
        null,
        null,
        null,
        null,
        null,
        null,
        null,
        null,
        null,
        null,
        null,
        null,
        null,
        null,
        null,
        null,
        1,
        1,
        null
      ],
      "/home/tim/Documents/webDev/THP-Next/semaine-3/E-Commerce/app/models/edition.rb": [
        null,
        null,
        null,
        null,
        null,
        null,
        null,
        null,
        null,
        null,
        null,
        null,
        null,
        1,
        1,
        null
      ],
      "/home/tim/Documents/webDev/THP-Next/semaine-3/E-Commerce/app/models/item.rb": [
        null,
        null,
        null,
        null,
        null,
        null,
        null,
        null,
        null,
        null,
        null,
        null,
        null,
        null,
        null,
        null,
        null,
        1,
        1,
        1,
        null,
        1,
        1,
        1,
        1,
        null,
        null,
        32,
        1,
        1,
        1,
        1,
        1,
        null,
        1,
        19,
        null,
        null
      ],
      "/home/tim/Documents/webDev/THP-Next/semaine-3/E-Commerce/app/models/order_item.rb": [
        null,
        null,
        null,
        null,
        null,
        null,
        null,
        null,
        null,
        null,
        null,
        null,
        null,
        null,
        null,
        null,
        null,
        null,
        1,
        1,
        1,
        null,
        1,
        1,
        1,
        null,
        1,
        null,
        1,
        35,
        null,
        15,
        null,
        null,
        1,
        6,
        null,
        null,
        1,
        null,
        1,
        31,
        null,
        null,
        1,
        31,
        null,
        null,
        1,
        22,
        22,
        null,
        null
      ],
      "/home/tim/Documents/webDev/THP-Next/semaine-3/E-Commerce/app/models/order.rb": [
        null,
        null,
        null,
        null,
        null,
        null,
        null,
        null,
        null,
        null,
        null,
        null,
        null,
        null,
        null,
        null,
        null,
        null,
        null,
        null,
        1,
        1,
        1,
        1,
        null,
        1,
        1,
        null,
        1,
        26,
        null,
        null,
        1,
        null,
        1,
        21,
        null,
        null,
        1,
        20,
        null,
        null
      ],
      "/home/tim/Documents/webDev/THP-Next/semaine-3/E-Commerce/app/models/order_status.rb": [
        null,
        null,
        null,
        null,
        null,
        null,
        null,
        null,
        null,
        null,
        null,
        null,
        1,
        1,
        1,
        null
      ],
      "/home/tim/Documents/webDev/THP-Next/semaine-3/E-Commerce/app/models/profile.rb": [
        null,
        null,
        null,
        null,
        null,
        null,
        null,
        null,
        null,
        null,
        null,
        null,
        null,
        null,
        null,
        null,
        1,
        1,
        null
      ],
      "/home/tim/Documents/webDev/THP-Next/semaine-3/E-Commerce/app/models/stock.rb": [
        null,
        null,
        null,
        null,
        null,
        null,
        null,
        null,
        null,
        null,
        null,
        null,
        null,
        null,
        null,
        null,
        1,
        1,
        null
      ],
      "/home/tim/Documents/webDev/THP-Next/semaine-3/E-Commerce/app/channels/application_cable/channel.rb": [
        null,
        null,
        0,
        0,
        0,
        0
      ],
      "/home/tim/Documents/webDev/THP-Next/semaine-3/E-Commerce/app/channels/application_cable/connection.rb": [
        null,
        null,
        0,
        0,
        0,
        0
      ],
      "/home/tim/Documents/webDev/THP-Next/semaine-3/E-Commerce/app/jobs/application_job.rb": [
        null,
        null,
        0,
        0
      ],
      "/home/tim/Documents/webDev/THP-Next/semaine-3/E-Commerce/app/controllers/items_controller.rb": [
        null,
        null,
        0,
        0,
        0,
        0,
        0,
        null,
        0,
        0,
        0,
        0
      ]
    },
    "timestamp": 1548943902
  }
}
